<?xml version="1.0" encoding="UTF-8"?>
<!-- Generated by org.testng.reporters.JUnitXMLReporter -->
<testsuite ignored="0" hostname="LAPTOP-O7SHFUCB" failures="0" tests="3" name="Web Tests" time="148.419" errors="0" timestamp="2026-02-06T03:17:19 MSK">
  <testcase classname="tests.web.DropdownWebTest" name="canSelectOption" time="2.854"/>
  <testcase classname="tests.web.LoginWebTest" name="userCanLogin" time="3.75"/>
  <testcase classname="tests.web.SmokeWebTest" name="checkboxesLinkOpens" time="3.418"/>
</testsuite> <!-- Web Tests -->
