<?xml version="1.0" encoding="UTF-8"?>
<!-- Generated by org.testng.reporters.JUnitXMLReporter -->
<testsuite ignored="0" hostname="LAPTOP-O7SHFUCB" failures="0" tests="3" name="Web Tests" time="15.119" errors="0" timestamp="2026-02-05T20:34:36 MSK">
  <testcase classname="tests.web.DropdownWebTest" name="canSelectOption" time="3.147"/>
  <testcase classname="tests.web.LoginWebTest" name="userCanLogin" time="4.351"/>
  <testcase classname="tests.web.SmokeWebTest" name="checkboxesLinkOpens" time="3.069"/>
</testsuite> <!-- Web Tests -->
