<?xml version="1.0" encoding="UTF-8"?>
<!-- Generated by org.testng.reporters.JUnitXMLReporter -->
<testsuite ignored="0" hostname="LAPTOP-O7SHFUCB" failures="2" tests="3" name="Mobile Tests" time="447.15" errors="0" timestamp="2026-02-06T03:24:46 MSK">
  <testcase classname="tests.mobile.OpenArticleMobileTest" name="openFirstSearchResult" time="170.383">
    <failure type="org.openqa.selenium.TimeoutException" message="Search container not found
Build info: version: &amp;apos;4.34.0&amp;apos;, revision: &amp;apos;707dcb4246*&amp;apos;
System info: os.name: &amp;apos;Windows 10&amp;apos;, os.arch: &amp;apos;amd64&amp;apos;, os.version: &amp;apos;10.0&amp;apos;, java.version: &amp;apos;17.0.17&amp;apos;
Driver info: driver.version: unknown">
      <![CDATA[org.openqa.selenium.TimeoutException: Search container not found
Build info: version: '4.34.0', revision: '707dcb4246*'
System info: os.name: 'Windows 10', os.arch: 'amd64', os.version: '10.0', java.version: '17.0.17'
Driver info: driver.version: unknown
at pages.mobile.SearchPage.openSearch(SearchPage.java:62)
at tests.mobile.OpenArticleMobileTest.openFirstSearchResult(OpenArticleMobileTest.java:17)
at java.base/java.util.ArrayList.forEach(ArrayList.java:1511)
... Removed 32 stack frames]]>
    </failure>
  </testcase> <!-- openFirstSearchResult -->
  <testcase classname="tests.mobile.SearchMobileTest" name="searchReturnsResults" time="204.983">
    <failure type="java.lang.AssertionError" message="Search results should appear expected [true] but found [false]">
      <![CDATA[java.lang.AssertionError: Search results should appear expected [true] but found [false]
at tests.mobile.SearchMobileTest.searchReturnsResults(SearchMobileTest.java:19)
at java.base/java.util.ArrayList.forEach(ArrayList.java:1511)
... Removed 35 stack frames]]>
    </failure>
  </testcase> <!-- searchReturnsResults -->
  <testcase classname="tests.mobile.SmokeMobileTest" name="mainPageLoads" time="55.013"/>
</testsuite> <!-- Mobile Tests -->
