<?xml version="1.0" encoding="UTF-8"?>
<!-- Generated by org.testng.reporters.JUnitXMLReporter -->
<testsuite ignored="0" hostname="LAPTOP-O7SHFUCB" failures="1" tests="3" name="Mobile Tests" time="147.784" errors="0" timestamp="2026-02-06T04:17:22 MSK">
  <testcase classname="tests.mobile.OpenArticleMobileTest" name="openFirstSearchResult" time="0.0">
    <skipped/>
  </testcase> <!-- openFirstSearchResult -->
  <testcase classname="tests.mobile.SearchMobileTest" name="searchReturnsResults" time="76.59">
    <failure type="java.lang.AssertionError" message="Search results should appear expected [true] but found [false]">
      <![CDATA[java.lang.AssertionError: Search results should appear expected [true] but found [false]
at tests.mobile.SearchMobileTest.searchReturnsResults(SearchMobileTest.java:19)
at java.base/java.util.ArrayList.forEach(ArrayList.java:1511)
... Removed 35 stack frames]]>
    </failure>
  </testcase> <!-- searchReturnsResults -->
  <testcase classname="tests.mobile.SmokeMobileTest" name="mainPageLoads" time="52.09"/>
</testsuite> <!-- Mobile Tests -->
