<!DOCTYPE html PUBLIC "-//W3C//DTD XHTML 1.1//EN" "https://www.w3.org/TR/xhtml11/DTD/xhtml11.dtd">
<html xmlns="https://www.w3.org/1999/xhtml">
<head>
<meta http-equiv="content-type" content="text/html; charset=UTF-8"/>
<title>TestNG Report</title>
<style type="text/css">table {margin-bottom:10px;border-collapse:collapse;empty-cells:show}th,td {border:1px solid #009;padding:.25em .5em}th {vertical-align:bottom}td {vertical-align:top}table a {font-weight:bold}.stripe td {background-color: #E6EBF9}.num {text-align:right}.passedodd td {background-color: #3F3}.passedeven td {background-color: #0A0}.skippedodd td {background-color: #DDD}.skippedeven td {background-color: #CCC}.failedodd td,.attn {background-color: #F33}.failedeven td,.stripe .attn {background-color: #D00}.stacktrace {white-space:pre;font-family:monospace}.totop {font-size:85%;text-align:center;border-bottom:2px solid #000}.invisible {display:none}</style>
</head>
<body>
<table>
<tr><th>Test</th><th># Passed</th><th># Skipped</th><th># Retried</th><th># Failed</th><th>Time (ms)</th><th>Included Groups</th><th>Excluded Groups</th></tr>
<tr><th colspan="8">All UI Tests</th></tr>
<tr><th colspan="8">Mobile UI Tests</th></tr>
<tr><td><a href="#t0">Mobile Tests</a></td><td class="num">1</td><td class="num">0</td><td class="num">0</td><td class="num attn">2</td><td class="num">447 150</td><td></td><td></td></tr>
<tr><th colspan="8">Web UI Tests</th></tr>
<tr class="stripe"><td><a href="#t1">Web Tests</a></td><td class="num">3</td><td class="num">0</td><td class="num">0</td><td class="num">0</td><td class="num">148 419</td><td></td><td></td></tr>
<tr><th>Total</th><th class="num">4</th><th class="num">0</th><th class="num">0</th><th class="num attn">2</th><th class="num">595 569</th><th colspan="2"></th></tr>
</table>
<table id='summary'><thead><tr><th>Class</th><th>Method</th><th>Start</th><th>Time (ms)</th></tr></thead><tbody><tr><th colspan="4">All UI Tests</th></tr></tbody><tbody><tr><th colspan="4">Mobile UI Tests</th></tr></tbody><tbody id="t0"><tr><th colspan="4">Mobile Tests &#8212; failed</th></tr><tr class="failedeven"><td rowspan="1">tests.mobile.OpenArticleMobileTest</td><td><a href="#m0">openFirstSearchResult</a></td><td rowspan="1">1770337046361</td><td rowspan="1">170383</td></tr><tr class="failedodd"><td rowspan="1">tests.mobile.SearchMobileTest</td><td><a href="#m1">searchReturnsResults</a></td><td rowspan="1">1770337221209</td><td rowspan="1">204983</td></tr><tr><th colspan="4">Mobile Tests &#8212; passed</th></tr><tr class="passedeven"><td rowspan="1">tests.mobile.SmokeMobileTest</td><td><a href="#m2">mainPageLoads</a></td><td rowspan="1">1770337430740</td><td rowspan="1">55013</td></tr></tbody>
<tbody><tr><th colspan="4">Web UI Tests</th></tr></tbody><tbody id="t1"><tr><th colspan="4">Web Tests &#8212; passed</th></tr><tr class="passedeven"><td rowspan="1">tests.web.DropdownWebTest</td><td><a href="#m3">canSelectOption</a></td><td rowspan="1">1770337026674</td><td rowspan="1">2854</td></tr><tr class="passedodd"><td rowspan="1">tests.web.LoginWebTest</td><td><a href="#m4">userCanLogin</a></td><td rowspan="1">1770337030702</td><td rowspan="1">3750</td></tr><tr class="passedeven"><td rowspan="1">tests.web.SmokeWebTest</td><td><a href="#m5">checkboxesLinkOpens</a></td><td rowspan="1">1770337035664</td><td rowspan="1">3418</td></tr></tbody>
</table>
<h2>Mobile Tests</h2><h3 id="m0">tests.mobile.OpenArticleMobileTest#openFirstSearchResult</h3><table class="result"><tr><th>Exception</th></tr><tr><td><div class="stacktrace">org.openqa.selenium.TimeoutException: Search container not found
Build info: version: &apos;4.34.0&apos;, revision: &apos;707dcb4246*&apos;
System info: os.name: &apos;Windows 10&apos;, os.arch: &apos;amd64&apos;, os.version: &apos;10.0&apos;, java.version: &apos;17.0.17&apos;
Driver info: driver.version: unknown
	at pages.mobile.SearchPage.openSearch(SearchPage.java:62)
	at tests.mobile.OpenArticleMobileTest.openFirstSearchResult(OpenArticleMobileTest.java:17)
	at java.base/java.util.ArrayList.forEach(ArrayList.java:1511)
... Removed 32 stack frames</div></td></tr></table><p class="totop"><a href="#summary">back to summary</a></p>
<h3 id="m1">tests.mobile.SearchMobileTest#searchReturnsResults</h3><table class="result"><tr><th>Exception</th></tr><tr><td><div class="stacktrace">java.lang.AssertionError: Search results should appear expected [true] but found [false]
	at tests.mobile.SearchMobileTest.searchReturnsResults(SearchMobileTest.java:19)
	at java.base/java.util.ArrayList.forEach(ArrayList.java:1511)
... Removed 35 stack frames</div></td></tr></table><p class="totop"><a href="#summary">back to summary</a></p>
<h3 id="m2">tests.mobile.SmokeMobileTest#mainPageLoads</h3><table class="result"><tr><th class="invisible"/></tr></table><p class="totop"><a href="#summary">back to summary</a></p>
<h2>Web Tests</h2><h3 id="m3">tests.web.DropdownWebTest#canSelectOption</h3><table class="result"><tr><th class="invisible"/></tr></table><p class="totop"><a href="#summary">back to summary</a></p>
<h3 id="m4">tests.web.LoginWebTest#userCanLogin</h3><table class="result"><tr><th class="invisible"/></tr></table><p class="totop"><a href="#summary">back to summary</a></p>
<h3 id="m5">tests.web.SmokeWebTest#checkboxesLinkOpens</h3><table class="result"><tr><th class="invisible"/></tr></table><p class="totop"><a href="#summary">back to summary</a></p>
</body>
</html>
