<?xml version="1.0" encoding="UTF-8"?>
<testng-results ignored="0" total="3" passed="3" failed="0" skipped="0">
  <reporter-output>
  </reporter-output>
  <suite started-at="2026-02-05T20:34:21 MSK" name="Web UI Tests" finished-at="2026-02-05T20:34:36 MSK" duration-ms="15119">
    <groups>
    </groups>
    <test started-at="2026-02-05T20:34:21 MSK" name="Web Tests" finished-at="2026-02-05T20:34:36 MSK" duration-ms="15119">
      <class name="tests.web.SmokeWebTest">
        <test-method is-config="true" signature="setUp()[pri:0, instance:tests.web.SmokeWebTest@293a5bf6]" started-at="2026-02-05T20:34:32 MSK" name="setUp" finished-at="2026-02-05T20:34:33 MSK" duration-ms="957" status="PASS">
          <reporter-output>
          </reporter-output>
        </test-method> <!-- setUp -->
        <test-method signature="checkboxesLinkOpens()[pri:0, instance:tests.web.SmokeWebTest@293a5bf6]" started-at="2026-02-05T20:34:33 MSK" name="checkboxesLinkOpens" finished-at="2026-02-05T20:34:36 MSK" duration-ms="3069" status="PASS">
          <reporter-output>
          </reporter-output>
        </test-method> <!-- checkboxesLinkOpens -->
        <test-method is-config="true" signature="tearDown()[pri:0, instance:tests.web.SmokeWebTest@293a5bf6]" started-at="2026-02-05T20:34:36 MSK" name="tearDown" finished-at="2026-02-05T20:34:36 MSK" duration-ms="179" status="PASS">
          <reporter-output>
          </reporter-output>
        </test-method> <!-- tearDown -->
      </class> <!-- tests.web.SmokeWebTest -->
      <class name="tests.web.LoginWebTest">
        <test-method is-config="true" signature="setUp()[pri:0, instance:tests.web.LoginWebTest@42a48628]" started-at="2026-02-05T20:34:26 MSK" name="setUp" finished-at="2026-02-05T20:34:27 MSK" duration-ms="968" status="PASS">
          <reporter-output>
          </reporter-output>
        </test-method> <!-- setUp -->
        <test-method signature="userCanLogin()[pri:0, instance:tests.web.LoginWebTest@42a48628]" started-at="2026-02-05T20:34:27 MSK" name="userCanLogin" finished-at="2026-02-05T20:34:32 MSK" duration-ms="4351" status="PASS">
          <reporter-output>
          </reporter-output>
        </test-method> <!-- userCanLogin -->
        <test-method is-config="true" signature="tearDown()[pri:0, instance:tests.web.LoginWebTest@42a48628]" started-at="2026-02-05T20:34:32 MSK" name="tearDown" finished-at="2026-02-05T20:34:32 MSK" duration-ms="185" status="PASS">
          <reporter-output>
          </reporter-output>
        </test-method> <!-- tearDown -->
      </class> <!-- tests.web.LoginWebTest -->
      <class name="tests.web.DropdownWebTest">
        <test-method is-config="true" signature="setUp()[pri:0, instance:tests.web.DropdownWebTest@1bd4fdd]" started-at="2026-02-05T20:34:21 MSK" name="setUp" finished-at="2026-02-05T20:34:23 MSK" duration-ms="2031" status="PASS">
          <reporter-output>
          </reporter-output>
        </test-method> <!-- setUp -->
        <test-method signature="canSelectOption()[pri:0, instance:tests.web.DropdownWebTest@1bd4fdd]" started-at="2026-02-05T20:34:23 MSK" name="canSelectOption" finished-at="2026-02-05T20:34:26 MSK" duration-ms="3147" status="PASS">
          <reporter-output>
          </reporter-output>
        </test-method> <!-- canSelectOption -->
        <test-method is-config="true" signature="tearDown()[pri:0, instance:tests.web.DropdownWebTest@1bd4fdd]" started-at="2026-02-05T20:34:26 MSK" name="tearDown" finished-at="2026-02-05T20:34:26 MSK" duration-ms="181" status="PASS">
          <reporter-output>
          </reporter-output>
        </test-method> <!-- tearDown -->
      </class> <!-- tests.web.DropdownWebTest -->
    </test> <!-- Web Tests -->
  </suite> <!-- Web UI Tests -->
</testng-results>
