<?xml version="1.0" encoding="UTF-8"?>
<testsuite xmlns:xsi="http://www.w3.org/2001/XMLSchema-instance" xsi:noNamespaceSchemaLocation="https://maven.apache.org/surefire/maven-surefire-plugin/xsd/surefire-test-report.xsd" version="3.0.2" name="TestSuite" time="15.719" tests="3" errors="0" skipped="0" failures="0">
  <properties>
[...]
</properties>
  <testcase name="canSelectOption" classname="tests.web.DropdownWebTest" time="3.148">
    <system-err><![CDATA[[main] INFO io.github.bonigarcia.wdm.WebDriverManager - Using chromedriver 144.0.7559.133 (resolved driver for Chrome 144)
[main] INFO io.github.bonigarcia.wdm.WebDriverManager - Exporting webdriver.chrome.driver as C:\Users\Даниил\.cache\selenium\chromedriver\win64\144.0.7559.133\chromedriver.exe
]]></system-err>
  </testcase>
  <testcase name="userCanLogin" classname="tests.web.LoginWebTest" time="4.35">
    <system-err><![CDATA[[main] INFO io.github.bonigarcia.wdm.WebDriverManager - Using chromedriver 144.0.7559.133 (resolved driver for Chrome 144)
[main] INFO io.github.bonigarcia.wdm.WebDriverManager - Exporting webdriver.chrome.driver as C:\Users\Даниил\.cache\selenium\chromedriver\win64\144.0.7559.133\chromedriver.exe
]]></system-err>
  </testcase>
  <testcase name="checkboxesLinkOpens" classname="tests.web.SmokeWebTest" time="3.068">
    <system-out><![CDATA[URL=https://the-internet.herokuapp.com/
Title=The Internet
H1=Welcome to the-internet
]]></system-out>
    <system-err><![CDATA[[main] INFO io.github.bonigarcia.wdm.WebDriverManager - Using chromedriver 144.0.7559.133 (resolved driver for Chrome 144)
[main] INFO io.github.bonigarcia.wdm.WebDriverManager - Exporting webdriver.chrome.driver as C:\Users\Даниил\.cache\selenium\chromedriver\win64\144.0.7559.133\chromedriver.exe
]]></system-err>
  </testcase>
</testsuite>